app/build/intermediates/manifest_merge_blame_file/debug/manifest-merger-blame-debug-report.txt
1<?xml version="1.0" encoding="utf-8"?>
2<manifest xmlns:android="http://schemas.android.com/apk/res/android"
3    package="com.punedelights.user"
4    android:versionCode="12"
5    android:versionName="5.0.3" >
6
7    <uses-sdk
8        android:minSdkVersion="27"
8-->src\main\AndroidManifest.xml
9        android:targetSdkVersion="33" />
9-->src\main\AndroidManifest.xml
10
11    <uses-permission android:name="android.permission.ACCESS_NETWORK_STATE" />
11-->src\main\AndroidManifest.xml:6:5-79
11-->src\main\AndroidManifest.xml:6:22-76
12    <uses-permission android:name="android.permission.INTERNET" />
12-->src\main\AndroidManifest.xml:7:5-67
12-->src\main\AndroidManifest.xml:7:22-64
13    <uses-permission android:name="android.permission.ACCESS_WIFI_STATE" />
13-->src\main\AndroidManifest.xml:8:5-76
13-->src\main\AndroidManifest.xml:8:22-73
14    <uses-permission android:name="android.permission.ACCESS_COARSE_LOCATION" />
14-->src\main\AndroidManifest.xml:9:5-81
14-->src\main\AndroidManifest.xml:9:22-78
15    <uses-permission android:name="android.permission.ACCESS_FINE_LOCATION" />
15-->src\main\AndroidManifest.xml:10:5-79
15-->src\main\AndroidManifest.xml:10:22-76
16    <uses-permission
16-->src\main\AndroidManifest.xml:11:5-12:38
17        android:name="android.permission.READ_EXTERNAL_STORAGE"
17-->src\main\AndroidManifest.xml:11:22-77
18        android:maxSdkVersion="32" />
18-->src\main\AndroidManifest.xml:12:9-35
19    <uses-permission android:name="android.permission.CAMERA" />
19-->src\main\AndroidManifest.xml:13:5-65
19-->src\main\AndroidManifest.xml:13:22-62
20    <uses-permission android:name="android.permission.POST_NOTIFICATIONS" />
20-->src\main\AndroidManifest.xml:14:5-76
20-->src\main\AndroidManifest.xml:14:22-74
21    <uses-permission android:name="android.permission.WRITE_EXTERNAL_STORAGE" />
21-->src\main\AndroidManifest.xml:15:5-17:40
21-->src\main\AndroidManifest.xml:16:9-65
22    <uses-permission
22-->src\main\AndroidManifest.xml:18:5-20:36
23        android:name="android.permission.CALL_PHONE"
23-->src\main\AndroidManifest.xml:19:9-53
24        android:required="false" />
24-->src\main\AndroidManifest.xml:20:9-33
25
26    <uses-feature
26-->src\main\AndroidManifest.xml:23:5-85
27        android:name="android.hardware.camera2"
27-->src\main\AndroidManifest.xml:23:19-58
28        android:required="false" />
28-->src\main\AndroidManifest.xml:23:59-83
29
30    <queries>
30-->src\main\AndroidManifest.xml:25:5-31:15
31        <intent>
31-->src\main\AndroidManifest.xml:26:9-30:18
32            <action
32-->src\main\AndroidManifest.xml:27:13-29:44
33                android:name="android.intent.action.TTS_SERVICE"
33-->src\main\AndroidManifest.xml:28:17-65
34                android:required="false" />
34-->src\main\AndroidManifest.xml:29:17-41
35        </intent>
36        <!-- Added to check if Chrome is installed for browser-based payment authentication (e.g. 3DS1). -->
37        <package android:name="com.android.chrome" /> <!-- Added to check the default browser that will host the AuthFlow. -->
37-->[com.stripe:payments-core:20.25.3] AndroidManifest.xml:11:9-54
37-->[com.stripe:payments-core:20.25.3] AndroidManifest.xml:11:18-51
38        <intent>
38-->[com.stripe:financial-connections:20.25.3] AndroidManifest.xml:13:9-17:18
39            <action android:name="android.intent.action.VIEW" />
39-->src\main\AndroidManifest.xml:112:28-80
39-->src\main\AndroidManifest.xml:112:36-77
40
41            <data android:scheme="http" />
41-->src\main\AndroidManifest.xml:117:17-119:46
41-->src\main\AndroidManifest.xml:119:21-43
42        </intent>
43        <intent>
43-->[com.razorpay:checkout:1.6.31] AndroidManifest.xml:11:9-17:18
44            <action android:name="android.intent.action.VIEW" />
44-->src\main\AndroidManifest.xml:112:28-80
44-->src\main\AndroidManifest.xml:112:36-77
45
46            <data
46-->src\main\AndroidManifest.xml:117:17-119:46
47                android:mimeType="*/*"
48                android:scheme="*" />
48-->src\main\AndroidManifest.xml:119:21-43
49        </intent>
50        <intent>
50-->[com.razorpay:checkout:1.6.31] AndroidManifest.xml:18:9-27:18
51            <action android:name="android.intent.action.VIEW" />
51-->src\main\AndroidManifest.xml:112:28-80
51-->src\main\AndroidManifest.xml:112:36-77
52
53            <category android:name="android.intent.category.BROWSABLE" />
53-->src\main\AndroidManifest.xml:115:17-78
53-->src\main\AndroidManifest.xml:115:27-75
54
55            <data
55-->src\main\AndroidManifest.xml:117:17-119:46
56                android:host="pay"
56-->src\main\AndroidManifest.xml:118:21-57
57                android:mimeType="*/*"
58                android:scheme="upi" />
58-->src\main\AndroidManifest.xml:119:21-43
59        </intent>
60        <intent>
60-->[com.razorpay:checkout:1.6.31] AndroidManifest.xml:28:9-30:18
61            <action android:name="android.intent.action.MAIN" />
61-->src\main\AndroidManifest.xml:109:17-69
61-->src\main\AndroidManifest.xml:109:25-66
62        </intent>
63        <intent>
63-->[com.razorpay:checkout:1.6.31] AndroidManifest.xml:31:9-35:18
64            <action android:name="android.intent.action.SEND" />
64-->src\main\AndroidManifest.xml:46:13-65
64-->src\main\AndroidManifest.xml:46:21-62
65
66            <data android:mimeType="*/*" />
66-->src\main\AndroidManifest.xml:117:17-119:46
67        </intent>
68        <intent>
68-->[com.razorpay:checkout:1.6.31] AndroidManifest.xml:36:9-38:18
69            <action android:name="rzp.device_token.share" />
69-->[com.razorpay:checkout:1.6.31] AndroidManifest.xml:37:13-61
69-->[com.razorpay:checkout:1.6.31] AndroidManifest.xml:37:21-58
70        </intent> <!-- Needs to be explicitly declared on Android R+ -->
71        <package android:name="com.google.android.apps.maps" />
71-->[com.google.android.gms:play-services-maps:18.1.0] AndroidManifest.xml:33:9-64
71-->[com.google.android.gms:play-services-maps:18.1.0] AndroidManifest.xml:33:18-61
72    </queries>
73
74    <uses-feature
74-->src\main\AndroidManifest.xml:32:5-34:36
75        android:name="android.hardware.camera"
75-->src\main\AndroidManifest.xml:33:9-47
76        android:required="false" />
76-->src\main\AndroidManifest.xml:34:9-33
77    <uses-feature
77-->src\main\AndroidManifest.xml:35:5-37:36
78        android:name="android.hardware.telephony"
78-->src\main\AndroidManifest.xml:36:9-50
79        android:required="false" />
79-->src\main\AndroidManifest.xml:37:9-33
80
81    <uses-permission android:name="android.permission.WRITE_SETTINGS" />
81-->src\main\AndroidManifest.xml:39:5-41:47
81-->src\main\AndroidManifest.xml:40:9-57
82
83    <queries> <!-- List of apps which you want to support for Intent pay -->
83-->src\main\AndroidManifest.xml:25:5-31:15
84        <package android:name="com.google.android.apps.nbu.paisa.user" />
84-->src\main\AndroidManifest.xml:43:9-74
84-->src\main\AndroidManifest.xml:43:18-71
85        <package android:name="com.phonepe.app" /> <!-- Specific intents you query for,             eg: for a custom share UI -->
85-->src\main\AndroidManifest.xml:44:9-51
85-->src\main\AndroidManifest.xml:44:18-48
86        <intent>
86-->src\main\AndroidManifest.xml:45:9-47:18
87            <action android:name="android.intent.action.SEND" />
87-->src\main\AndroidManifest.xml:46:13-65
87-->src\main\AndroidManifest.xml:46:21-62
88        </intent>
89    </queries>
90
91    <uses-permission android:name="android.permission.VIBRATE" />
91-->[co.paystack.android.design.widget:pinpad:1.0.4] AndroidManifest.xml:11:5-66
91-->[co.paystack.android.design.widget:pinpad:1.0.4] AndroidManifest.xml:11:22-63
92
93    <uses-feature
93-->[com.google.android.gms:play-services-maps:18.1.0] AndroidManifest.xml:26:5-28:35
94        android:glEsVersion="0x00020000"
94-->[com.google.android.gms:play-services-maps:18.1.0] AndroidManifest.xml:27:9-41
95        android:required="true" /> <!-- Required by older versions of Google Play services to create GCM registration tokens -->
95-->[com.google.android.gms:play-services-maps:18.1.0] AndroidManifest.xml:28:9-32
96    <uses-permission android:name="com.google.android.c2dm.permission.RECEIVE" />
96-->[com.google.android.gms:play-services-gcm:17.0.0] AndroidManifest.xml:23:5-82
96-->[com.google.android.gms:play-services-gcm:17.0.0] AndroidManifest.xml:23:22-79
97    <uses-permission android:name="android.permission.WAKE_LOCK" />
97-->[com.google.firebase:firebase-messaging:23.1.2] AndroidManifest.xml:26:5-68
97-->[com.google.firebase:firebase-messaging:23.1.2] AndroidManifest.xml:26:22-65
98    <uses-permission android:name="com.google.android.gms.permission.AD_ID" />
98-->[com.google.android.gms:play-services-measurement-api:21.2.2] AndroidManifest.xml:25:5-79
98-->[com.google.android.gms:play-services-measurement-api:21.2.2] AndroidManifest.xml:25:22-76
99    <uses-permission android:name="com.google.android.finsky.permission.BIND_GET_INSTALL_REFERRER_SERVICE" />
99-->[com.google.android.gms:play-services-measurement:21.2.2] AndroidManifest.xml:26:5-110
99-->[com.google.android.gms:play-services-measurement:21.2.2] AndroidManifest.xml:26:22-107
100
101    <permission
101-->[androidx.core:core:1.9.0] AndroidManifest.xml:22:5-24:47
102        android:name="com.punedelights.user.DYNAMIC_RECEIVER_NOT_EXPORTED_PERMISSION"
102-->[androidx.core:core:1.9.0] AndroidManifest.xml:23:9-81
103        android:protectionLevel="signature" />
103-->[androidx.core:core:1.9.0] AndroidManifest.xml:24:9-44
104
105    <uses-permission android:name="com.punedelights.user.DYNAMIC_RECEIVER_NOT_EXPORTED_PERMISSION" /> <!-- Permission will be merged into the manifest of the hosting app. -->
105-->[androidx.core:core:1.9.0] AndroidManifest.xml:26:5-97
105-->[androidx.core:core:1.9.0] AndroidManifest.xml:26:22-94
106    <!-- Is required to launch foreground extraction service for targetSdkVersion 28+. -->
107    <uses-permission android:name="android.permission.FOREGROUND_SERVICE" />
107-->[com.google.android.play:core:1.10.3] AndroidManifest.xml:13:5-77
107-->[com.google.android.play:core:1.10.3] AndroidManifest.xml:13:22-74
108
109    <application
109-->src\main\AndroidManifest.xml:49:5-191:19
110        android:name="com.punedelights.user.helper.ApiConfig"
110-->src\main\AndroidManifest.xml:50:9-62
111        android:allowBackup="true"
111-->[com.github.Flutterwave:rave-android:1.0.49.1] AndroidManifest.xml:12:9-35
112        android:appComponentFactory="androidx.core.app.CoreComponentFactory"
112-->[androidx.core:core:1.9.0] AndroidManifest.xml:28:18-86
113        android:debuggable="true"
114        android:extractNativeLibs="false"
114-->src\main\AndroidManifest.xml:51:9-42
115        android:icon="@mipmap/ic_launcher"
115-->src\main\AndroidManifest.xml:52:9-43
116        android:label="@string/app_name"
116-->src\main\AndroidManifest.xml:53:9-41
117        android:requestLegacyExternalStorage="true"
117-->src\main\AndroidManifest.xml:54:9-52
118        android:supportsRtl="true"
118-->src\main\AndroidManifest.xml:55:9-35
119        android:theme="@style/AppTheme"
119-->src\main\AndroidManifest.xml:56:9-40
120        android:usesCleartextTraffic="true" >
120-->src\main\AndroidManifest.xml:57:9-44
121        <activity
121-->src\main\AndroidManifest.xml:60:9-63:56
122            android:name="com.punedelights.user.activity.WelcomeActivity"
122-->src\main\AndroidManifest.xml:61:13-74
123            android:screenOrientation="portrait" />
123-->src\main\AndroidManifest.xml:62:13-49
124        <activity
124-->src\main\AndroidManifest.xml:65:9-70:56
125            android:name="com.punedelights.user.activity.PaymentActivity"
125-->src\main\AndroidManifest.xml:67:13-74
126            android:screenOrientation="portrait"
126-->src\main\AndroidManifest.xml:68:13-49
127            android:windowSoftInputMode="adjustPan|stateVisible" />
127-->src\main\AndroidManifest.xml:69:13-65
128        <activity
128-->src\main\AndroidManifest.xml:72:9-76:56
129            android:name="com.punedelights.user.activity.PayStackActivity"
129-->src\main\AndroidManifest.xml:73:13-75
130            android:screenOrientation="portrait"
130-->src\main\AndroidManifest.xml:74:13-49
131            android:windowSoftInputMode="adjustPan|stateVisible" />
131-->src\main\AndroidManifest.xml:75:13-65
132
133        <provider
134            android:name="androidx.core.content.FileProvider"
134-->src\main\AndroidManifest.xml:79:13-62
135            android:authorities="com.punedelights.user.provider"
135-->src\main\AndroidManifest.xml:80:13-60
136            android:exported="false"
136-->src\main\AndroidManifest.xml:81:13-37
137            android:grantUriPermissions="true" >
137-->src\main\AndroidManifest.xml:82:13-47
138            <meta-data
138-->src\main\AndroidManifest.xml:83:13-85:58
139                android:name="android.support.FILE_PROVIDER_PATHS"
139-->src\main\AndroidManifest.xml:84:17-67
140                android:resource="@xml/provider_paths" />
140-->src\main\AndroidManifest.xml:85:17-55
141        </provider>
142
143        <activity
143-->src\main\AndroidManifest.xml:88:9-93:56
144            android:name="com.punedelights.user.activity.MainActivity"
144-->src\main\AndroidManifest.xml:90:13-71
145            android:screenOrientation="portrait"
145-->src\main\AndroidManifest.xml:91:13-49
146            android:windowSoftInputMode="adjustPan|stateVisible" />
146-->src\main\AndroidManifest.xml:92:13-65
147        <activity
147-->src\main\AndroidManifest.xml:95:9-100:56
148            android:name="com.punedelights.user.activity.LoginActivity"
148-->src\main\AndroidManifest.xml:97:13-72
149            android:screenOrientation="portrait"
149-->src\main\AndroidManifest.xml:98:13-49
150            android:windowSoftInputMode="adjustPan|stateVisible" />
150-->src\main\AndroidManifest.xml:99:13-65
151        <activity
151-->src\main\AndroidManifest.xml:102:9-121:20
152            android:name="com.punedelights.user.activity.SplashActivity"
152-->src\main\AndroidManifest.xml:103:13-73
153            android:exported="true"
153-->src\main\AndroidManifest.xml:104:13-36
154            android:screenOrientation="portrait"
154-->src\main\AndroidManifest.xml:105:13-49
155            android:windowSoftInputMode="adjustPan|stateVisible" >
155-->src\main\AndroidManifest.xml:106:13-65
156            <intent-filter>
156-->src\main\AndroidManifest.xml:108:13-111:29
157                <action android:name="android.intent.action.MAIN" />
157-->src\main\AndroidManifest.xml:109:17-69
157-->src\main\AndroidManifest.xml:109:25-66
158
159                <category android:name="android.intent.category.LAUNCHER" />
159-->src\main\AndroidManifest.xml:110:17-77
159-->src\main\AndroidManifest.xml:110:27-74
160            </intent-filter>
161            <intent-filter>
161-->src\main\AndroidManifest.xml:112:13-120:29
162                <action android:name="android.intent.action.VIEW" />
162-->src\main\AndroidManifest.xml:112:28-80
162-->src\main\AndroidManifest.xml:112:36-77
163
164                <category android:name="android.intent.category.DEFAULT" />
164-->src\main\AndroidManifest.xml:114:17-76
164-->src\main\AndroidManifest.xml:114:27-73
165                <category android:name="android.intent.category.BROWSABLE" />
165-->src\main\AndroidManifest.xml:115:17-78
165-->src\main\AndroidManifest.xml:115:27-75
166
167                <data
167-->src\main\AndroidManifest.xml:117:17-119:46
168                    android:host="ecartweb.thewrteam.in"
168-->src\main\AndroidManifest.xml:118:21-57
169                    android:scheme="https" />
169-->src\main\AndroidManifest.xml:119:21-43
170            </intent-filter>
171        </activity>
172        <activity
172-->src\main\AndroidManifest.xml:123:9-125:58
173            android:name="com.coursion.freakycoder.mediapicker.galleries.Gallery"
173-->src\main\AndroidManifest.xml:124:13-82
174            android:theme="@style/AppTheme.NoActionBar" />
174-->src\main\AndroidManifest.xml:125:13-56
175        <activity
175-->src\main\AndroidManifest.xml:126:9-128:58
176            android:name="com.coursion.freakycoder.mediapicker.galleries.OpenGallery"
176-->src\main\AndroidManifest.xml:127:13-86
177            android:theme="@style/AppTheme.NoActionBar" />
177-->src\main\AndroidManifest.xml:128:13-56
178        <activity
178-->src\main\AndroidManifest.xml:130:9-134:56
179            android:name="com.punedelights.user.activity.PayPalWebActivity"
179-->src\main\AndroidManifest.xml:131:13-76
180            android:screenOrientation="portrait"
180-->src\main\AndroidManifest.xml:132:13-49
181            android:windowSoftInputMode="adjustPan|stateVisible" />
181-->src\main\AndroidManifest.xml:133:13-65
182        <activity
182-->src\main\AndroidManifest.xml:136:9-141:56
183            android:name="com.punedelights.user.activity.MidtransActivity"
183-->src\main\AndroidManifest.xml:138:13-75
184            android:screenOrientation="portrait"
184-->src\main\AndroidManifest.xml:139:13-49
185            android:windowSoftInputMode="adjustPan|stateVisible" />
185-->src\main\AndroidManifest.xml:140:13-65
186        <activity
186-->src\main\AndroidManifest.xml:143:9-148:56
187            android:name="com.punedelights.user.activity.StripeActivity"
187-->src\main\AndroidManifest.xml:145:13-73
188            android:screenOrientation="portrait"
188-->src\main\AndroidManifest.xml:146:13-49
189            android:windowSoftInputMode="adjustPan|stateVisible" />
189-->src\main\AndroidManifest.xml:147:13-65
190
191        <provider
192            android:name="androidx.core.content.FileProvider"
192-->src\main\AndroidManifest.xml:79:13-62
193            android:authorities="com.punedelights.user.provider"
193-->src\main\AndroidManifest.xml:80:13-60
194            android:exported="false"
194-->src\main\AndroidManifest.xml:81:13-37
195            android:grantUriPermissions="true" >
195-->src\main\AndroidManifest.xml:82:13-47
196            <meta-data
196-->src\main\AndroidManifest.xml:83:13-85:58
197                android:name="android.support.FILE_PROVIDER_PATHS"
197-->src\main\AndroidManifest.xml:84:17-67
198                android:resource="@xml/provider_paths" />
198-->src\main\AndroidManifest.xml:85:17-55
199        </provider>
200
201        <service
201-->src\main\AndroidManifest.xml:161:9-167:19
202            android:name="com.punedelights.user.helper.MyFirebaseMessagingService"
202-->src\main\AndroidManifest.xml:162:13-83
203            android:exported="false" >
203-->src\main\AndroidManifest.xml:163:13-37
204            <intent-filter>
204-->src\main\AndroidManifest.xml:164:13-166:29
205                <action android:name="com.google.firebase.MESSAGING_EVENT" />
205-->src\main\AndroidManifest.xml:165:17-78
205-->src\main\AndroidManifest.xml:165:25-75
206            </intent-filter>
207        </service>
208
209        <!--
210     Set custom default icon. This is used when no icon is set for incoming notification messages.
211     See README(https://goo.gl/l4GJaQ) for more.
212        -->
213        <meta-data
213-->src\main\AndroidManifest.xml:171:9-173:68
214            android:name="com.google.firebase.messaging.default_notification_icon"
214-->src\main\AndroidManifest.xml:172:13-83
215            android:resource="@drawable/ic_stat_ic_notification" />
215-->src\main\AndroidManifest.xml:173:13-65
216        <!--
217             Set color used with incoming notification messages. This is used when no color is set for the incoming
218             notification message. See README(https://goo.gl/6BKBk7) for more.
219        -->
220        <meta-data
220-->src\main\AndroidManifest.xml:176:9-178:53
221            android:name="com.google.firebase.messaging.default_notification_color"
221-->src\main\AndroidManifest.xml:177:13-84
222            android:resource="@color/colorAccent" />
222-->src\main\AndroidManifest.xml:178:13-50
223        <meta-data
223-->src\main\AndroidManifest.xml:179:9-181:48
224            android:name="com.google.firebase.messaging.default_notification_channel_id"
224-->src\main\AndroidManifest.xml:180:13-89
225            android:value="@string/app_name" />
225-->src\main\AndroidManifest.xml:181:13-45
226        <meta-data
226-->src\main\AndroidManifest.xml:182:9-184:50
227            android:name="android.app.searchable"
227-->src\main\AndroidManifest.xml:183:13-50
228            android:resource="@xml/searchable" />
228-->src\main\AndroidManifest.xml:184:13-47
229        <meta-data
229-->src\main\AndroidManifest.xml:185:9-187:54
230            android:name="com.google.android.geo.API_KEY"
230-->src\main\AndroidManifest.xml:186:13-58
231            android:value="@string/google_api_key" />
231-->src\main\AndroidManifest.xml:187:13-51
232        <meta-data
232-->src\main\AndroidManifest.xml:188:9-190:69
233            android:name="com.google.android.gms.version"
233-->src\main\AndroidManifest.xml:189:13-58
234            android:value="@integer/google_play_services_version" />
234-->src\main\AndroidManifest.xml:190:13-66
235
236        <activity
236-->[co.paystack.android:paystack:3.3.2] AndroidManifest.xml:8:9-10:63
237            android:name="co.paystack.android.ui.PinActivity"
237-->[co.paystack.android:paystack:3.3.2] AndroidManifest.xml:9:13-62
238            android:theme="@style/Paystack.Dialog.PinEntry" />
238-->[co.paystack.android:paystack:3.3.2] AndroidManifest.xml:10:13-60
239        <activity
239-->[co.paystack.android:paystack:3.3.2] AndroidManifest.xml:11:9-13:63
240            android:name="co.paystack.android.ui.OtpActivity"
240-->[co.paystack.android:paystack:3.3.2] AndroidManifest.xml:12:13-62
241            android:theme="@style/Paystack.Dialog.OtpEntry" />
241-->[co.paystack.android:paystack:3.3.2] AndroidManifest.xml:13:13-60
242        <activity
242-->[co.paystack.android:paystack:3.3.2] AndroidManifest.xml:14:9-16:63
243            android:name="co.paystack.android.ui.AuthActivity"
243-->[co.paystack.android:paystack:3.3.2] AndroidManifest.xml:15:13-63
244            android:theme="@style/Paystack.Dialog.OtpEntry" />
244-->[co.paystack.android:paystack:3.3.2] AndroidManifest.xml:16:13-60
245        <activity
245-->[co.paystack.android:paystack:3.3.2] AndroidManifest.xml:17:9-19:64
246            android:name="co.paystack.android.ui.CardActivity"
246-->[co.paystack.android:paystack:3.3.2] AndroidManifest.xml:18:13-63
247            android:theme="@style/Paystack.Dialog.CardEntry" />
247-->[co.paystack.android:paystack:3.3.2] AndroidManifest.xml:19:13-61
248        <activity
248-->[co.paystack.android:paystack:3.3.2] AndroidManifest.xml:20:9-22:54
249            android:name="co.paystack.android.ui.AddressVerificationActivity"
249-->[co.paystack.android:paystack:3.3.2] AndroidManifest.xml:21:13-78
250            android:theme="@style/Paystack.Dialog" />
250-->[co.paystack.android:paystack:3.3.2] AndroidManifest.xml:22:13-51
251        <activity
251-->[com.stripe:paymentsheet:20.25.3] AndroidManifest.xml:8:9-12:58
252            android:name="com.stripe.android.paymentsheet.PaymentSheetActivity"
252-->[com.stripe:paymentsheet:20.25.3] AndroidManifest.xml:9:13-80
253            android:exported="false"
253-->[com.stripe:paymentsheet:20.25.3] AndroidManifest.xml:10:13-37
254            android:theme="@style/StripePaymentSheetDefaultTheme"
254-->[com.stripe:paymentsheet:20.25.3] AndroidManifest.xml:11:13-66
255            android:windowSoftInputMode="adjustResize" />
255-->[com.stripe:paymentsheet:20.25.3] AndroidManifest.xml:12:13-55
256        <activity
256-->[com.stripe:paymentsheet:20.25.3] AndroidManifest.xml:13:9-17:58
257            android:name="com.stripe.android.paymentsheet.PaymentOptionsActivity"
257-->[com.stripe:paymentsheet:20.25.3] AndroidManifest.xml:14:13-82
258            android:exported="false"
258-->[com.stripe:paymentsheet:20.25.3] AndroidManifest.xml:15:13-37
259            android:theme="@style/StripePaymentSheetDefaultTheme"
259-->[com.stripe:paymentsheet:20.25.3] AndroidManifest.xml:16:13-66
260            android:windowSoftInputMode="adjustResize" />
260-->[com.stripe:paymentsheet:20.25.3] AndroidManifest.xml:17:13-55
261        <activity
261-->[com.stripe:paymentsheet:20.25.3] AndroidManifest.xml:18:9-21:69
262            android:name="com.stripe.android.paymentsheet.addresselement.AddressElementActivity"
262-->[com.stripe:paymentsheet:20.25.3] AndroidManifest.xml:19:13-97
263            android:exported="false"
263-->[com.stripe:paymentsheet:20.25.3] AndroidManifest.xml:20:13-37
264            android:theme="@style/StripePaymentSheetDefaultTheme" />
264-->[com.stripe:paymentsheet:20.25.3] AndroidManifest.xml:21:13-66
265        <activity
265-->[com.stripe:paymentsheet:20.25.3] AndroidManifest.xml:22:9-25:69
266            android:name="com.stripe.android.paymentsheet.paymentdatacollection.polling.PollingActivity"
266-->[com.stripe:paymentsheet:20.25.3] AndroidManifest.xml:23:13-105
267            android:exported="false"
267-->[com.stripe:paymentsheet:20.25.3] AndroidManifest.xml:24:13-37
268            android:theme="@style/StripePaymentSheetDefaultTheme" />
268-->[com.stripe:paymentsheet:20.25.3] AndroidManifest.xml:25:13-66
269        <activity
269-->[com.stripe:link:20.25.3] AndroidManifest.xml:8:9-13:58
270            android:name="com.stripe.android.link.LinkActivity"
270-->[com.stripe:link:20.25.3] AndroidManifest.xml:9:13-64
271            android:exported="false"
271-->[com.stripe:link:20.25.3] AndroidManifest.xml:10:13-37
272            android:label="@string/stripe_link"
272-->[com.stripe:link:20.25.3] AndroidManifest.xml:11:13-48
273            android:theme="@style/StripeLinkBaseTheme"
273-->[com.stripe:link:20.25.3] AndroidManifest.xml:12:13-55
274            android:windowSoftInputMode="adjustResize" />
274-->[com.stripe:link:20.25.3] AndroidManifest.xml:13:13-55
275        <activity
275-->[com.stripe:payments-ui-core:20.25.3] AndroidManifest.xml:8:9-11:69
276            android:name="com.stripe.android.ui.core.cardscan.CardScanActivity"
276-->[com.stripe:payments-ui-core:20.25.3] AndroidManifest.xml:9:13-80
277            android:exported="false"
277-->[com.stripe:payments-ui-core:20.25.3] AndroidManifest.xml:10:13-37
278            android:theme="@style/StripePaymentSheetDefaultTheme" />
278-->[com.stripe:payments-ui-core:20.25.3] AndroidManifest.xml:11:13-66
279        <activity
279-->[com.stripe:payments-core:20.25.3] AndroidManifest.xml:15:9-18:57
280            android:name="com.stripe.android.view.AddPaymentMethodActivity"
280-->[com.stripe:payments-core:20.25.3] AndroidManifest.xml:16:13-76
281            android:exported="false"
281-->[com.stripe:payments-core:20.25.3] AndroidManifest.xml:17:13-37
282            android:theme="@style/StripeDefaultTheme" />
282-->[com.stripe:payments-core:20.25.3] AndroidManifest.xml:18:13-54
283        <activity
283-->[com.stripe:payments-core:20.25.3] AndroidManifest.xml:19:9-22:57
284            android:name="com.stripe.android.view.PaymentMethodsActivity"
284-->[com.stripe:payments-core:20.25.3] AndroidManifest.xml:20:13-74
285            android:exported="false"
285-->[com.stripe:payments-core:20.25.3] AndroidManifest.xml:21:13-37
286            android:theme="@style/StripeDefaultTheme" />
286-->[com.stripe:payments-core:20.25.3] AndroidManifest.xml:22:13-54
287        <activity
287-->[com.stripe:payments-core:20.25.3] AndroidManifest.xml:23:9-26:57
288            android:name="com.stripe.android.view.PaymentFlowActivity"
288-->[com.stripe:payments-core:20.25.3] AndroidManifest.xml:24:13-71
289            android:exported="false"
289-->[com.stripe:payments-core:20.25.3] AndroidManifest.xml:25:13-37
290            android:theme="@style/StripeDefaultTheme" />
290-->[com.stripe:payments-core:20.25.3] AndroidManifest.xml:26:13-54
291        <activity
291-->[com.stripe:payments-core:20.25.3] AndroidManifest.xml:27:9-31:58
292            android:name="com.stripe.android.view.PaymentAuthWebViewActivity"
292-->[com.stripe:payments-core:20.25.3] AndroidManifest.xml:28:13-78
293            android:exported="false"
293-->[com.stripe:payments-core:20.25.3] AndroidManifest.xml:29:13-37
294            android:theme="@style/StripeDefaultTheme"
294-->[com.stripe:payments-core:20.25.3] AndroidManifest.xml:30:13-54
295            android:windowSoftInputMode="adjustResize" />
295-->[com.stripe:payments-core:20.25.3] AndroidManifest.xml:31:13-55
296        <activity
296-->[com.stripe:payments-core:20.25.3] AndroidManifest.xml:32:9-35:61
297            android:name="com.stripe.android.view.PaymentRelayActivity"
297-->[com.stripe:payments-core:20.25.3] AndroidManifest.xml:33:13-72
298            android:exported="false"
298-->[com.stripe:payments-core:20.25.3] AndroidManifest.xml:34:13-37
299            android:theme="@style/StripeTransparentTheme" />
299-->[com.stripe:payments-core:20.25.3] AndroidManifest.xml:35:13-58
300        <!--
301        Set android:launchMode="singleTop" so that the StripeBrowserLauncherActivity instance that
302        launched the browser Activity will also handle the return URL deep link.
303        -->
304        <activity
304-->[com.stripe:payments-core:20.25.3] AndroidManifest.xml:41:9-45:61
305            android:name="com.stripe.android.payments.StripeBrowserLauncherActivity"
305-->[com.stripe:payments-core:20.25.3] AndroidManifest.xml:42:13-85
306            android:exported="false"
306-->[com.stripe:payments-core:20.25.3] AndroidManifest.xml:43:13-37
307            android:launchMode="singleTask"
307-->[com.stripe:payments-core:20.25.3] AndroidManifest.xml:44:13-44
308            android:theme="@style/StripeTransparentTheme" />
308-->[com.stripe:payments-core:20.25.3] AndroidManifest.xml:45:13-58
309        <activity
309-->[com.stripe:payments-core:20.25.3] AndroidManifest.xml:46:9-63:20
310            android:name="com.stripe.android.payments.StripeBrowserProxyReturnActivity"
310-->[com.stripe:payments-core:20.25.3] AndroidManifest.xml:47:13-88